2024-11-13 15:27:47.442 - INFO - 3221 - azureml.train.automl._experiment_drivers.driver_utilities.modify_run_configuration:243 - Package azureml-train-automl missing from dependencies file.
2024-11-13 15:27:47.444 - INFO - 3221 - azureml.train.automl._experiment_drivers.driver_utilities.modify_run_configuration:249 - Using pinned version: azureml-train-automl==1.57.0.*
2024-11-13 15:27:47.445 - INFO - 3221 - azureml.train.automl._experiment_drivers.driver_utilities.modify_run_configuration:243 - Package azureml-defaults missing from dependencies file.
2024-11-13 15:27:47.445 - INFO - 3221 - azureml.train.automl._experiment_drivers.driver_utilities.modify_run_configuration:249 - Using pinned version: azureml-defaults==1.57.0.*
2024-11-13 15:27:47.445 - INFO - 3221 - azureml.train.automl._experiment_drivers.driver_utilities.modify_run_configuration:243 - Package pandas missing from dependencies file.
2024-11-13 15:27:47.445 - INFO - 3221 - azureml.train.automl._experiment_drivers.driver_utilities.modify_run_configuration:249 - Using pinned version: pandas==1.3.5
2024-11-13 15:27:47.446 - INFO - 3221 - azureml.train.automl._experiment_drivers.driver_utilities.modify_run_configuration:243 - Package psutil missing from dependencies file.
2024-11-13 15:27:47.446 - INFO - 3221 - azureml.train.automl._experiment_drivers.driver_utilities.modify_run_configuration:249 - Using pinned version: psutil>5.0.0,<6.0.0
2024-11-13 15:27:47.446 - INFO - 3221 - azureml.train.automl._experiment_drivers.driver_utilities.modify_run_configuration:243 - Package scikit-learn missing from dependencies file.
2024-11-13 15:27:47.446 - INFO - 3221 - azureml.train.automl._experiment_drivers.driver_utilities.modify_run_configuration:249 - Using pinned version: scikit-learn==1.5.1
2024-11-13 15:27:47.447 - INFO - 3221 - azureml.train.automl._experiment_drivers.driver_utilities.modify_run_configuration:243 - Package numpy missing from dependencies file.
2024-11-13 15:27:47.447 - INFO - 3221 - azureml.train.automl._experiment_drivers.driver_utilities.modify_run_configuration:249 - Using pinned version: numpy==1.23.5
2024-11-13 15:27:47.447 - INFO - 3221 - azureml.train.automl._experiment_drivers.driver_utilities.modify_run_configuration:243 - Package xgboost missing from dependencies file.
2024-11-13 15:27:47.447 - INFO - 3221 - azureml.train.automl._experiment_drivers.driver_utilities.modify_run_configuration:249 - Using pinned version: xgboost==1.5.2
2024-11-13 15:27:47.448 - INFO - 3221 - azureml.train.automl._experiment_drivers.driver_utilities.modify_run_configuration:243 - Package inference-schema missing from dependencies file.
2024-11-13 15:27:47.448 - INFO - 3221 - azureml.train.automl._experiment_drivers.driver_utilities.modify_run_configuration:253 - Using installed version: inference-schema==1.7.2
2024-11-13 15:27:47.448 - INFO - 3221 - azureml.train.automl._experiment_drivers.driver_utilities.modify_run_configuration:243 - Package prophet missing from dependencies file.
2024-11-13 15:27:47.448 - INFO - 3221 - azureml.train.automl._experiment_drivers.driver_utilities.modify_run_configuration:249 - Using pinned version: prophet==1.1.4
2024-11-13 15:27:47.449 - INFO - 3221 - azureml.train.automl._experiment_drivers.driver_utilities.modify_run_configuration:243 - Package holidays missing from dependencies file.
2024-11-13 15:27:47.449 - INFO - 3221 - azureml.train.automl._experiment_drivers.driver_utilities.modify_run_configuration:249 - Using pinned version: holidays==0.29
2024-11-13 15:27:47.449 - INFO - 3221 - azureml.train.automl._experiment_drivers.driver_utilities.modify_run_configuration:243 - Package joblib missing from dependencies file.
2024-11-13 15:27:47.449 - INFO - 3221 - azureml.train.automl._experiment_drivers.driver_utilities.modify_run_configuration:249 - Using pinned version: joblib==1.2.0
2024-11-13 15:27:47.450 - INFO - 3221 - azureml.train.automl._experiment_drivers.driver_utilities.modify_run_configuration:243 - Package setuptools-git missing from dependencies file.
2024-11-13 15:27:47.450 - INFO - 3221 - azureml.train.automl._experiment_drivers.driver_utilities.modify_run_configuration:253 - Using installed version: setuptools-git==1.2
2024-11-13 15:27:47.450 - INFO - 3221 - azureml.train.automl._experiment_drivers.driver_utilities.modify_run_configuration:243 - Package urllib3 missing from dependencies file.
2024-11-13 15:27:47.450 - INFO - 3221 - azureml.train.automl._experiment_drivers.driver_utilities.modify_run_configuration:253 - Using installed version: urllib3==1.26.19
2024-11-13 15:27:47.451 - INFO - 3221 - azureml.train.automl._experiment_drivers.driver_utilities.modify_run_configuration:243 - Package azure-core missing from dependencies file.
2024-11-13 15:27:47.451 - INFO - 3221 - azureml.train.automl._experiment_drivers.driver_utilities.modify_run_configuration:253 - Using installed version: azure-core==1.30.2
2024-11-13 15:27:47.451 - INFO - 3221 - azureml.train.automl._experiment_drivers.driver_utilities.modify_run_configuration:243 - Package boto3 missing from dependencies file.
2024-11-13 15:27:47.452 - INFO - 3221 - azureml.train.automl._experiment_drivers.driver_utilities.modify_run_configuration:249 - Using pinned version: boto3==1.20.19
2024-11-13 15:27:47.452 - INFO - 3221 - azureml.train.automl._experiment_drivers.driver_utilities.modify_run_configuration:243 - Package botocore missing from dependencies file.
2024-11-13 15:27:47.452 - INFO - 3221 - azureml.train.automl._experiment_drivers.driver_utilities.modify_run_configuration:249 - Using pinned version: botocore==1.23.19
2024-11-13 15:27:47.454 - INFO - 3221 - azureml.automl.core.dataset_utilities._save_datasets_to_json:255 - JSON serialization of input of type <class 'NoneType'> is un-supported.
2024-11-13 15:27:47.454 - INFO - 3221 - azureml.automl.core.dataset_utilities._save_datasets_to_json:255 - JSON serialization of input of type <class 'NoneType'> is un-supported.
2024-11-13 15:27:48.057 - INFO - 3221 - azureml.train.automl._experiment_drivers.driver_utilities.validate_input:124 - Start data validation.
2024-11-13 15:27:52.543 - INFO - 3221 - azureml.train.automl._experiment_drivers.driver_utilities.validate_input:137 - Validation service found the data has no errors.
2024-11-13 15:27:52.545 - INFO - 3221 - azureml.train.automl._experiment_drivers.driver_utilities.create_remote_parent_run:381 - Start creating parent run.
2024-11-13 15:27:52.873 - INFO - 3221 - azureml.train.automl._experiment_drivers.driver_utilities.create_remote_parent_run:401 - [ParentRunID:AutoML_9b7e04d9-5abe-41d7-8da9-cad14f8fc594] Remote run using input X and y.
2024-11-13 15:27:52.962 - INFO - 3221 - azureml.train.automl._experiment_drivers.driver_utilities.start_remote_run:336 - Starting a snapshot run (snapshot_id : None)
